<?xml version="1.0" encoding="UTF-8"?>
<!-- Generated by org.testng.reporters.JUnitReportReporter -->
<testsuite hostname="DESKTOP-0M88CL7" failures="0" tests="1" name="util.demoutil" time="0.000" errors="0" timestamp="2022-11-05T19:02:05 EDT" skipped="1">
  <testcase classname="util.demoutil" name="login" time="0.000">
    <skipped/>
  </testcase> <!-- login -->
  <system-out/>
</testsuite> <!-- util.demoutil -->
