<?xml version="1.0" encoding="UTF-8"?>
<!-- Generated by org.testng.reporters.JUnitReportReporter -->
<testsuite hostname="DESKTOP-0M88CL7" failures="0" tests="1" name="taskseleniumfirst.demoAsert" time="7.712" errors="0" timestamp="2022-10-28T07:25:30 EDT" skipped="0">
  <testcase classname="taskseleniumfirst.demoAsert" name="search" time="7.712"/>
  <system-out/>
</testsuite> <!-- taskseleniumfirst.demoAsert -->
