<?xml version="1.0" encoding="UTF-8"?>
<!-- Generated by org.testng.reporters.JUnitReportReporter -->
<testsuite hostname="DESKTOP-0M88CL7" failures="0" tests="4" name="taskseleniumfirst.equaldata" time="3.849" errors="0" timestamp="2022-10-31T08:23:33 EDT" skipped="0">
  <testcase classname="taskseleniumfirst.equaldata" name="login" time="1.969"/>
  <system-out/>
  <testcase classname="taskseleniumfirst.equaldata" name="login" time="0.661"/>
  <system-out/>
  <testcase classname="taskseleniumfirst.equaldata" name="login" time="0.608"/>
  <system-out/>
  <testcase classname="taskseleniumfirst.equaldata" name="login" time="0.611"/>
  <system-out/>
</testsuite> <!-- taskseleniumfirst.equaldata -->
