<?xml version="1.0" encoding="UTF-8"?>
<!-- Generated by org.testng.reporters.JUnitReportReporter -->
<testsuite hostname="DESKTOP-0M88CL7" failures="0" tests="1" name="taskseleniumfirst.animal" time="0.021" errors="0" timestamp="2022-10-21T07:28:45 EDT" skipped="0">
  <testcase classname="taskseleniumfirst.animal" name="cows" time="0.021"/>
  <system-out/>
</testsuite> <!-- taskseleniumfirst.animal -->
