<?xml version="1.0" encoding="UTF-8"?>
<!-- Generated by org.testng.reporters.JUnitReportReporter -->
<testsuite hostname="DESKTOP-0M88CL7" failures="0" tests="2" name="taskseleniumfirst.demopera" time="0.030" errors="0" timestamp="2022-10-31T07:06:57 EDT" skipped="0">
  <testcase classname="taskseleniumfirst.demopera" name="sub" time="0.027"/>
  <system-out/>
  <testcase classname="taskseleniumfirst.demopera" name="sum" time="0.003"/>
  <system-out/>
</testsuite> <!-- taskseleniumfirst.demopera -->
