<?xml version="1.0" encoding="UTF-8"?>
<!-- Generated by org.testng.reporters.JUnitReportReporter -->
<testsuite hostname="DESKTOP-0M88CL7" failures="0" tests="4" name="taskseleniumfirst.DemoData" time="6.168" errors="0" timestamp="2022-10-31T08:11:07 EDT" skipped="0">
  <testcase classname="taskseleniumfirst.DemoData" name="login" time="1.191"/>
  <system-out/>
  <testcase classname="taskseleniumfirst.DemoData" name="login" time="2.701"/>
  <system-out/>
  <testcase classname="taskseleniumfirst.DemoData" name="login" time="1.130"/>
  <system-out/>
  <testcase classname="taskseleniumfirst.DemoData" name="login" time="1.146"/>
  <system-out/>
</testsuite> <!-- taskseleniumfirst.DemoData -->
